0 info it worked if it ends with ok
1 verbose cli [ 'C:\\Program Files\\nodejs\\node.exe',
1 verbose cli   'C:\\Program Files\\nodejs\\node_modules\\npm\\bin\\npm-cli.js',
1 verbose cli   'start' ]
2 info using npm@3.10.10
3 info using node@v6.9.5
4 verbose run-script [ 'prestart', 'start', 'poststart' ]
5 info lifecycle hltv@2.4.0~prestart: hltv@2.4.0
6 silly lifecycle hltv@2.4.0~prestart: no script for prestart, continuing
7 info lifecycle hltv@2.4.0~start: hltv@2.4.0
8 verbose lifecycle hltv@2.4.0~start: unsafe-perm in lifecycle true
9 verbose lifecycle hltv@2.4.0~start: PATH: C:\Program Files\nodejs\node_modules\npm\bin\node-gyp-bin;C:\Users\BJDGZJD\Downloads\HLTV-master\node_modules\.bin;C:\Windows\system32;C:\Windows;C:\Windows\System32\Wbem;C:\Windows\System32\WindowsPowerShell\v1.0\;C:\Program Files (x86)\Git\cmd;C:\Users\BJDGZJD\AppData\Local\Programs\Python\Python36-32;C:\Program Files (x86)\Yarn\bin;C:\ProgramData\chocolatey\bin;C:\Program Files\TortoiseGit\bin;C:\Program Files\TortoiseSVN\bin;C:\Program Files (x86)\Skype\Phone\;D:\wamp\bin\php\php7.0.10;C:\composer;C:\Program Files\nodejs\;C:\Program Files\Java\jdk1.8.0_152\bin;C:\Users\BJDGZJD\AppData\Local\Programs\Python\Python36-32\Scripts\;C:\Users\BJDGZJD\AppData\Local\Programs\Python\Python36-32\;C:\Program Files\nodejs\node_global;C:\Users\BJDGZJD\AppData\Local\Yarn\bin;C:\Users\BJDGZJD\AppData\Roaming\Composer\vendor\bin;C:\Users\BJDGZJD\AppData\Local\Android\Sdk\tools
10 verbose lifecycle hltv@2.4.0~start: CWD: C:\Users\BJDGZJD\Downloads\HLTV-master
11 silly lifecycle hltv@2.4.0~start: Args: [ '/d /s /c', 'ts-node src/playground' ]
12 silly lifecycle hltv@2.4.0~start: Returned: code: 1  signal: null
13 info lifecycle hltv@2.4.0~start: Failed to exec start script
14 verbose stack Error: hltv@2.4.0 start: `ts-node src/playground`
14 verbose stack Exit status 1
14 verbose stack     at EventEmitter.<anonymous> (C:\Program Files\nodejs\node_modules\npm\lib\utils\lifecycle.js:255:16)
14 verbose stack     at emitTwo (events.js:106:13)
14 verbose stack     at EventEmitter.emit (events.js:191:7)
14 verbose stack     at ChildProcess.<anonymous> (C:\Program Files\nodejs\node_modules\npm\lib\utils\spawn.js:40:14)
14 verbose stack     at emitTwo (events.js:106:13)
14 verbose stack     at ChildProcess.emit (events.js:191:7)
14 verbose stack     at maybeClose (internal/child_process.js:877:16)
14 verbose stack     at Process.ChildProcess._handle.onexit (internal/child_process.js:226:5)
15 verbose pkgid hltv@2.4.0
16 verbose cwd C:\Users\BJDGZJD\Downloads\HLTV-master
17 error Windows_NT 10.0.10586
18 error argv "C:\\Program Files\\nodejs\\node.exe" "C:\\Program Files\\nodejs\\node_modules\\npm\\bin\\npm-cli.js" "start"
19 error node v6.9.5
20 error npm  v3.10.10
21 error code ELIFECYCLE
22 error hltv@2.4.0 start: `ts-node src/playground`
22 error Exit status 1
23 error Failed at the hltv@2.4.0 start script 'ts-node src/playground'.
23 error Make sure you have the latest version of node.js and npm installed.
23 error If you do, this is most likely a problem with the hltv package,
23 error not with npm itself.
23 error Tell the author that this fails on your system:
23 error     ts-node src/playground
23 error You can get information on how to open an issue for this project with:
23 error     npm bugs hltv
23 error Or if that isn't available, you can get their info via:
23 error     npm owner ls hltv
23 error There is likely additional logging output above.
24 verbose exit [ 1, true ]
